<?xml version="1.0" encoding="UTF-8"?>
<!-- Generated by org.testng.reporters.JUnitReportReporter -->
<testsuite hostname="DESKTOP-7P7FKDI" failures="0" tests="2" name="firstproject.newtest" time="3.485" errors="0" timestamp="2025-09-10T00:02:44 AST" skipped="0">
  <testcase classname="firstproject.newtest" name="login" time="3.180"/>
  <testcase classname="firstproject.newtest" name="addrandomtocart" time="0.305"/>
</testsuite> <!-- firstproject.newtest -->
